DEBUG:PIL.PngImagePlugin:STREAM b'IHDR' 16 13
DEBUG:PIL.PngImagePlugin:STREAM b'pHYs' 41 9
DEBUG:PIL.PngImagePlugin:STREAM b'IDAT' 62 122
DEBUG:PIL.PngImagePlugin:STREAM b'IHDR' 16 13
DEBUG:PIL.PngImagePlugin:STREAM b'pHYs' 41 9
DEBUG:PIL.PngImagePlugin:STREAM b'IDAT' 62 122
DEBUG:PIL.PngImagePlugin:STREAM b'IHDR' 16 13
DEBUG:PIL.PngImagePlugin:STREAM b'pHYs' 41 9
DEBUG:PIL.PngImagePlugin:STREAM b'IDAT' 62 122
DEBUG:PIL.PngImagePlugin:STREAM b'IHDR' 16 13
DEBUG:PIL.PngImagePlugin:STREAM b'pHYs' 41 9
DEBUG:PIL.PngImagePlugin:STREAM b'IDAT' 62 122
DEBUG:Adafruit_I2C.Device.Bus.1.Address.0X40:Wrote to register 0x05: [131, 51]
DEBUG:Adafruit_I2C.Device.Bus.1.Address.0X40:Wrote to register 0x00: [33, 159]
DEBUG:Adafruit_I2C.Device.Bus.1.Address.0X40:Read 0x821F from register pair 0x02, 0x03
DEBUG:Adafruit_I2C.Device.Bus.1.Address.0X40:Wrote to register 0x05: [131, 51]
DEBUG:Adafruit_I2C.Device.Bus.1.Address.0X40:Wrote to register 0x00: [33, 159]
DEBUG:Adafruit_I2C.Device.Bus.1.Address.0X40:Read 0x7A1F from register pair 0x02, 0x03
DEBUG:Adafruit_I2C.Device.Bus.1.Address.0X40:Wrote to register 0x05: [131, 51]
DEBUG:Adafruit_I2C.Device.Bus.1.Address.0X40:Wrote to register 0x00: [33, 159]
DEBUG:Adafruit_I2C.Device.Bus.1.Address.0X40:Read 0x721F from register pair 0x02, 0x03
DEBUG:Adafruit_I2C.Device.Bus.1.Address.0X40:Wrote to register 0x05: [131, 51]
DEBUG:Adafruit_I2C.Device.Bus.1.Address.0X40:Wrote to register 0x00: [33, 159]
DEBUG:Adafruit_I2C.Device.Bus.1.Address.0X40:Read 0x821F from register pair 0x02, 0x03
DEBUG:Adafruit_I2C.Device.Bus.1.Address.0X40:Wrote to register 0x05: [131, 51]
DEBUG:Adafruit_I2C.Device.Bus.1.Address.0X40:Wrote to register 0x00: [33, 159]
DEBUG:Adafruit_I2C.Device.Bus.1.Address.0X40:Read 0x7A1F from register pair 0x02, 0x03
DEBUG:Adafruit_I2C.Device.Bus.1.Address.0X40:Wrote to register 0x05: [131, 51]
DEBUG:Adafruit_I2C.Device.Bus.1.Address.0X40:Wrote to register 0x00: [33, 159]
DEBUG:Adafruit_I2C.Device.Bus.1.Address.0X40:Read 0x7A1F from register pair 0x02, 0x03
DEBUG:Adafruit_I2C.Device.Bus.1.Address.0X40:Wrote to register 0x05: [131, 51]
DEBUG:Adafruit_I2C.Device.Bus.1.Address.0X40:Wrote to register 0x00: [33, 159]
DEBUG:Adafruit_I2C.Device.Bus.1.Address.0X40:Read 0x821F from register pair 0x02, 0x03
DEBUG:Adafruit_I2C.Device.Bus.1.Address.0X40:Wrote to register 0x05: [131, 51]
DEBUG:Adafruit_I2C.Device.Bus.1.Address.0X40:Wrote to register 0x00: [33, 159]
DEBUG:Adafruit_I2C.Device.Bus.1.Address.0X40:Read 0x7A1F from register pair 0x02, 0x03
DEBUG:Adafruit_I2C.Device.Bus.1.Address.0X40:Wrote to register 0x05: [131, 51]
DEBUG:Adafruit_I2C.Device.Bus.1.Address.0X40:Wrote to register 0x00: [33, 159]
DEBUG:Adafruit_I2C.Device.Bus.1.Address.0X40:Read 0x7A1F from register pair 0x02, 0x03
DEBUG:Adafruit_I2C.Device.Bus.1.Address.0X40:Wrote to register 0x05: [131, 51]
DEBUG:Adafruit_I2C.Device.Bus.1.Address.0X40:Wrote to register 0x00: [33, 159]
DEBUG:Adafruit_I2C.Device.Bus.1.Address.0X40:Read 0x821F from register pair 0x02, 0x03
DEBUG:Adafruit_I2C.Device.Bus.1.Address.0X40:Wrote to register 0x05: [131, 51]
DEBUG:Adafruit_I2C.Device.Bus.1.Address.0X40:Wrote to register 0x00: [33, 159]
DEBUG:Adafruit_I2C.Device.Bus.1.Address.0X40:Read 0x921F from register pair 0x02, 0x03
DEBUG:Adafruit_I2C.Device.Bus.1.Address.0X40:Wrote to register 0x05: [131, 51]
DEBUG:Adafruit_I2C.Device.Bus.1.Address.0X40:Wrote to register 0x00: [33, 159]
DEBUG:Adafruit_I2C.Device.Bus.1.Address.0X40:Read 0x8A1F from register pair 0x02, 0x03
DEBUG:Adafruit_I2C.Device.Bus.1.Address.0X40:Wrote to register 0x05: [131, 51]
DEBUG:Adafruit_I2C.Device.Bus.1.Address.0X40:Wrote to register 0x00: [33, 159]
DEBUG:Adafruit_I2C.Device.Bus.1.Address.0X40:Read 0x821F from register pair 0x02, 0x03
DEBUG:Adafruit_I2C.Device.Bus.1.Address.0X40:Wrote to register 0x05: [131, 51]
DEBUG:Adafruit_I2C.Device.Bus.1.Address.0X40:Wrote to register 0x00: [33, 159]
DEBUG:Adafruit_I2C.Device.Bus.1.Address.0X40:Read 0x7A1F from register pair 0x02, 0x03
DEBUG:Adafruit_I2C.Device.Bus.1.Address.0X40:Wrote to register 0x05: [131, 51]
DEBUG:Adafruit_I2C.Device.Bus.1.Address.0X40:Wrote to register 0x00: [33, 159]
DEBUG:Adafruit_I2C.Device.Bus.1.Address.0X40:Read 0x7A1F from register pair 0x02, 0x03
DEBUG:Adafruit_I2C.Device.Bus.1.Address.0X40:Wrote to register 0x05: [131, 51]
DEBUG:Adafruit_I2C.Device.Bus.1.Address.0X40:Wrote to register 0x00: [33, 159]
DEBUG:Adafruit_I2C.Device.Bus.1.Address.0X40:Read 0x7A1F from register pair 0x02, 0x03
DEBUG:Adafruit_I2C.Device.Bus.1.Address.0X40:Wrote to register 0x05: [131, 51]
DEBUG:Adafruit_I2C.Device.Bus.1.Address.0X40:Wrote to register 0x00: [33, 159]
DEBUG:Adafruit_I2C.Device.Bus.1.Address.0X40:Read 0x7A1F from register pair 0x02, 0x03
DEBUG:Adafruit_I2C.Device.Bus.1.Address.0X40:Wrote to register 0x05: [131, 51]
DEBUG:Adafruit_I2C.Device.Bus.1.Address.0X40:Wrote to register 0x00: [33, 159]
DEBUG:Adafruit_I2C.Device.Bus.1.Address.0X40:Read 0x7A1F from register pair 0x02, 0x03
DEBUG:Adafruit_I2C.Device.Bus.1.Address.0X40:Wrote to register 0x05: [131, 51]
DEBUG:Adafruit_I2C.Device.Bus.1.Address.0X40:Wrote to register 0x00: [33, 159]
DEBUG:Adafruit_I2C.Device.Bus.1.Address.0X40:Read 0x7A1F from register pair 0x02, 0x03
DEBUG:Adafruit_I2C.Device.Bus.1.Address.0X40:Wrote to register 0x05: [131, 51]
DEBUG:Adafruit_I2C.Device.Bus.1.Address.0X40:Wrote to register 0x00: [33, 159]
DEBUG:Adafruit_I2C.Device.Bus.1.Address.0X40:Read 0x721F from register pair 0x02, 0x03
DEBUG:Adafruit_I2C.Device.Bus.1.Address.0X40:Wrote to register 0x05: [131, 51]
DEBUG:Adafruit_I2C.Device.Bus.1.Address.0X40:Wrote to register 0x00: [33, 159]
DEBUG:Adafruit_I2C.Device.Bus.1.Address.0X40:Read 0x7A1F from register pair 0x02, 0x03
DEBUG:Adafruit_I2C.Device.Bus.1.Address.0X40:Wrote to register 0x05: [131, 51]
DEBUG:Adafruit_I2C.Device.Bus.1.Address.0X40:Wrote to register 0x00: [33, 159]
DEBUG:Adafruit_I2C.Device.Bus.1.Address.0X40:Read 0x7A1F from register pair 0x02, 0x03
DEBUG:Adafruit_I2C.Device.Bus.1.Address.0X40:Wrote to register 0x05: [131, 51]
DEBUG:Adafruit_I2C.Device.Bus.1.Address.0X40:Wrote to register 0x00: [33, 159]
DEBUG:Adafruit_I2C.Device.Bus.1.Address.0X40:Read 0x721F from register pair 0x02, 0x03
DEBUG:Adafruit_I2C.Device.Bus.1.Address.0X40:Wrote to register 0x05: [131, 51]
DEBUG:Adafruit_I2C.Device.Bus.1.Address.0X40:Wrote to register 0x00: [33, 159]
DEBUG:Adafruit_I2C.Device.Bus.1.Address.0X40:Read 0x721F from register pair 0x02, 0x03
DEBUG:Adafruit_I2C.Device.Bus.1.Address.0X40:Wrote to register 0x05: [131, 51]
DEBUG:Adafruit_I2C.Device.Bus.1.Address.0X40:Wrote to register 0x00: [33, 159]
DEBUG:Adafruit_I2C.Device.Bus.1.Address.0X40:Read 0x6A1F from register pair 0x02, 0x03
DEBUG:Adafruit_I2C.Device.Bus.1.Address.0X40:Wrote to register 0x05: [131, 51]
DEBUG:Adafruit_I2C.Device.Bus.1.Address.0X40:Wrote to register 0x00: [33, 159]
DEBUG:Adafruit_I2C.Device.Bus.1.Address.0X40:Read 0x7A1F from register pair 0x02, 0x03
DEBUG:Adafruit_I2C.Device.Bus.1.Address.0X40:Wrote to register 0x05: [131, 51]
DEBUG:Adafruit_I2C.Device.Bus.1.Address.0X40:Wrote to register 0x00: [33, 159]
DEBUG:Adafruit_I2C.Device.Bus.1.Address.0X40:Read 0x8A1F from register pair 0x02, 0x03
DEBUG:Adafruit_I2C.Device.Bus.1.Address.0X40:Wrote to register 0x05: [131, 51]
DEBUG:Adafruit_I2C.Device.Bus.1.Address.0X40:Wrote to register 0x00: [33, 159]
DEBUG:Adafruit_I2C.Device.Bus.1.Address.0X40:Read 0x7A1F from register pair 0x02, 0x03
DEBUG:Adafruit_I2C.Device.Bus.1.Address.0X40:Wrote to register 0x05: [131, 51]
DEBUG:Adafruit_I2C.Device.Bus.1.Address.0X40:Wrote to register 0x00: [33, 159]
DEBUG:Adafruit_I2C.Device.Bus.1.Address.0X40:Read 0x7A1F from register pair 0x02, 0x03
DEBUG:Adafruit_I2C.Device.Bus.1.Address.0X40:Wrote to register 0x05: [131, 51]
DEBUG:Adafruit_I2C.Device.Bus.1.Address.0X40:Wrote to register 0x00: [33, 159]
DEBUG:Adafruit_I2C.Device.Bus.1.Address.0X40:Read 0x821F from register pair 0x02, 0x03
DEBUG:Adafruit_I2C.Device.Bus.1.Address.0X40:Wrote to register 0x05: [131, 51]
DEBUG:Adafruit_I2C.Device.Bus.1.Address.0X40:Wrote to register 0x00: [33, 159]
DEBUG:Adafruit_I2C.Device.Bus.1.Address.0X40:Read 0x6A1F from register pair 0x02, 0x03
DEBUG:Adafruit_I2C.Device.Bus.1.Address.0X40:Wrote to register 0x05: [131, 51]
DEBUG:Adafruit_I2C.Device.Bus.1.Address.0X40:Wrote to register 0x00: [33, 159]
DEBUG:Adafruit_I2C.Device.Bus.1.Address.0X40:Read 0x721F from register pair 0x02, 0x03
DEBUG:Adafruit_I2C.Device.Bus.1.Address.0X40:Wrote to register 0x05: [131, 51]
DEBUG:Adafruit_I2C.Device.Bus.1.Address.0X40:Wrote to register 0x00: [33, 159]
DEBUG:Adafruit_I2C.Device.Bus.1.Address.0X40:Read 0x8A1F from register pair 0x02, 0x03
DEBUG:Adafruit_I2C.Device.Bus.1.Address.0X40:Wrote to register 0x05: [131, 51]
DEBUG:Adafruit_I2C.Device.Bus.1.Address.0X40:Wrote to register 0x00: [33, 159]
DEBUG:Adafruit_I2C.Device.Bus.1.Address.0X40:Read 0x821F from register pair 0x02, 0x03
DEBUG:Adafruit_I2C.Device.Bus.1.Address.0X40:Wrote to register 0x05: [131, 51]
DEBUG:Adafruit_I2C.Device.Bus.1.Address.0X40:Wrote to register 0x00: [33, 159]
DEBUG:Adafruit_I2C.Device.Bus.1.Address.0X40:Read 0x821F from register pair 0x02, 0x03
DEBUG:Adafruit_I2C.Device.Bus.1.Address.0X40:Wrote to register 0x05: [131, 51]
DEBUG:Adafruit_I2C.Device.Bus.1.Address.0X40:Wrote to register 0x00: [33, 159]
DEBUG:Adafruit_I2C.Device.Bus.1.Address.0X40:Read 0x8A1F from register pair 0x02, 0x03
DEBUG:Adafruit_I2C.Device.Bus.1.Address.0X40:Wrote to register 0x05: [131, 51]
DEBUG:Adafruit_I2C.Device.Bus.1.Address.0X40:Wrote to register 0x00: [33, 159]
DEBUG:Adafruit_I2C.Device.Bus.1.Address.0X40:Read 0x821F from register pair 0x02, 0x03
DEBUG:Adafruit_I2C.Device.Bus.1.Address.0X40:Wrote to register 0x05: [131, 51]
DEBUG:Adafruit_I2C.Device.Bus.1.Address.0X40:Wrote to register 0x00: [33, 159]
DEBUG:Adafruit_I2C.Device.Bus.1.Address.0X40:Read 0x7A1F from register pair 0x02, 0x03
DEBUG:Adafruit_I2C.Device.Bus.1.Address.0X40:Wrote to register 0x05: [131, 51]
DEBUG:Adafruit_I2C.Device.Bus.1.Address.0X40:Wrote to register 0x00: [33, 159]
DEBUG:Adafruit_I2C.Device.Bus.1.Address.0X40:Read 0x821F from register pair 0x02, 0x03
DEBUG:Adafruit_I2C.Device.Bus.1.Address.0X40:Wrote to register 0x05: [131, 51]
DEBUG:Adafruit_I2C.Device.Bus.1.Address.0X40:Wrote to register 0x00: [33, 159]
DEBUG:Adafruit_I2C.Device.Bus.1.Address.0X40:Read 0x8A1F from register pair 0x02, 0x03
DEBUG:Adafruit_I2C.Device.Bus.1.Address.0X40:Wrote to register 0x05: [131, 51]
DEBUG:Adafruit_I2C.Device.Bus.1.Address.0X40:Wrote to register 0x00: [33, 159]
DEBUG:Adafruit_I2C.Device.Bus.1.Address.0X40:Read 0x8A1F from register pair 0x02, 0x03
DEBUG:Adafruit_I2C.Device.Bus.1.Address.0X40:Wrote to register 0x05: [131, 51]
DEBUG:Adafruit_I2C.Device.Bus.1.Address.0X40:Wrote to register 0x00: [33, 159]
DEBUG:Adafruit_I2C.Device.Bus.1.Address.0X40:Read 0x821F from register pair 0x02, 0x03
DEBUG:Adafruit_I2C.Device.Bus.1.Address.0X40:Wrote to register 0x05: [131, 51]
DEBUG:Adafruit_I2C.Device.Bus.1.Address.0X40:Wrote to register 0x00: [33, 159]
DEBUG:Adafruit_I2C.Device.Bus.1.Address.0X40:Read 0x921F from register pair 0x02, 0x03
DEBUG:Adafruit_I2C.Device.Bus.1.Address.0X40:Wrote to register 0x05: [131, 51]
DEBUG:Adafruit_I2C.Device.Bus.1.Address.0X40:Wrote to register 0x00: [33, 159]
DEBUG:Adafruit_I2C.Device.Bus.1.Address.0X40:Read 0x921F from register pair 0x02, 0x03
DEBUG:Adafruit_I2C.Device.Bus.1.Address.0X40:Wrote to register 0x05: [131, 51]
DEBUG:Adafruit_I2C.Device.Bus.1.Address.0X40:Wrote to register 0x00: [33, 159]
DEBUG:Adafruit_I2C.Device.Bus.1.Address.0X40:Read 0x721F from register pair 0x02, 0x03
DEBUG:Adafruit_I2C.Device.Bus.1.Address.0X40:Wrote to register 0x05: [131, 51]
DEBUG:Adafruit_I2C.Device.Bus.1.Address.0X40:Wrote to register 0x00: [33, 159]
DEBUG:Adafruit_I2C.Device.Bus.1.Address.0X40:Read 0x7A1F from register pair 0x02, 0x03
DEBUG:Adafruit_I2C.Device.Bus.1.Address.0X40:Wrote to register 0x05: [131, 51]
DEBUG:Adafruit_I2C.Device.Bus.1.Address.0X40:Wrote to register 0x00: [33, 159]
DEBUG:Adafruit_I2C.Device.Bus.1.Address.0X40:Read 0x8A1F from register pair 0x02, 0x03
DEBUG:Adafruit_I2C.Device.Bus.1.Address.0X40:Wrote to register 0x05: [131, 51]
DEBUG:Adafruit_I2C.Device.Bus.1.Address.0X40:Wrote to register 0x00: [33, 159]
DEBUG:Adafruit_I2C.Device.Bus.1.Address.0X40:Read 0x721F from register pair 0x02, 0x03
DEBUG:Adafruit_I2C.Device.Bus.1.Address.0X40:Wrote to register 0x05: [131, 51]
DEBUG:Adafruit_I2C.Device.Bus.1.Address.0X40:Wrote to register 0x00: [33, 159]
DEBUG:Adafruit_I2C.Device.Bus.1.Address.0X40:Read 0x6A1F from register pair 0x02, 0x03
DEBUG:Adafruit_I2C.Device.Bus.1.Address.0X40:Wrote to register 0x05: [131, 51]
DEBUG:Adafruit_I2C.Device.Bus.1.Address.0X40:Wrote to register 0x00: [33, 159]
DEBUG:Adafruit_I2C.Device.Bus.1.Address.0X40:Read 0x721F from register pair 0x02, 0x03
DEBUG:Adafruit_I2C.Device.Bus.1.Address.0X40:Wrote to register 0x05: [131, 51]
DEBUG:Adafruit_I2C.Device.Bus.1.Address.0X40:Wrote to register 0x00: [33, 159]
DEBUG:Adafruit_I2C.Device.Bus.1.Address.0X40:Read 0x7A1F from register pair 0x02, 0x03
DEBUG:Adafruit_I2C.Device.Bus.1.Address.0X40:Wrote to register 0x05: [131, 51]
DEBUG:Adafruit_I2C.Device.Bus.1.Address.0X40:Wrote to register 0x00: [33, 159]
DEBUG:Adafruit_I2C.Device.Bus.1.Address.0X40:Read 0x921F from register pair 0x02, 0x03
DEBUG:Adafruit_I2C.Device.Bus.1.Address.0X40:Wrote to register 0x05: [131, 51]
DEBUG:Adafruit_I2C.Device.Bus.1.Address.0X40:Wrote to register 0x00: [33, 159]
DEBUG:Adafruit_I2C.Device.Bus.1.Address.0X40:Read 0x921F from register pair 0x02, 0x03
DEBUG:Adafruit_I2C.Device.Bus.1.Address.0X40:Wrote to register 0x05: [131, 51]
DEBUG:Adafruit_I2C.Device.Bus.1.Address.0X40:Wrote to register 0x00: [33, 159]
DEBUG:Adafruit_I2C.Device.Bus.1.Address.0X40:Read 0x8A1F from register pair 0x02, 0x03
DEBUG:Adafruit_I2C.Device.Bus.1.Address.0X40:Wrote to register 0x05: [131, 51]
DEBUG:Adafruit_I2C.Device.Bus.1.Address.0X40:Wrote to register 0x00: [33, 159]
DEBUG:Adafruit_I2C.Device.Bus.1.Address.0X40:Read 0x821F from register pair 0x02, 0x03
DEBUG:Adafruit_I2C.Device.Bus.1.Address.0X40:Wrote to register 0x05: [131, 51]
DEBUG:Adafruit_I2C.Device.Bus.1.Address.0X40:Wrote to register 0x00: [33, 159]
DEBUG:Adafruit_I2C.Device.Bus.1.Address.0X40:Read 0x8A1F from register pair 0x02, 0x03
DEBUG:Adafruit_I2C.Device.Bus.1.Address.0X40:Wrote to register 0x05: [131, 51]
DEBUG:Adafruit_I2C.Device.Bus.1.Address.0X40:Wrote to register 0x00: [33, 159]
DEBUG:Adafruit_I2C.Device.Bus.1.Address.0X40:Read 0x8A1F from register pair 0x02, 0x03
DEBUG:Adafruit_I2C.Device.Bus.1.Address.0X40:Wrote to register 0x05: [131, 51]
DEBUG:Adafruit_I2C.Device.Bus.1.Address.0X40:Wrote to register 0x00: [33, 159]
DEBUG:Adafruit_I2C.Device.Bus.1.Address.0X40:Read 0x7A1F from register pair 0x02, 0x03
DEBUG:Adafruit_I2C.Device.Bus.1.Address.0X40:Wrote to register 0x05: [131, 51]
DEBUG:Adafruit_I2C.Device.Bus.1.Address.0X40:Wrote to register 0x00: [33, 159]
DEBUG:Adafruit_I2C.Device.Bus.1.Address.0X40:Read 0x8A1F from register pair 0x02, 0x03
DEBUG:Adafruit_I2C.Device.Bus.1.Address.0X40:Wrote to register 0x05: [131, 51]
DEBUG:Adafruit_I2C.Device.Bus.1.Address.0X40:Wrote to register 0x00: [33, 159]
DEBUG:Adafruit_I2C.Device.Bus.1.Address.0X40:Read 0x821F from register pair 0x02, 0x03
DEBUG:Adafruit_I2C.Device.Bus.1.Address.0X40:Wrote to register 0x05: [131, 51]
DEBUG:Adafruit_I2C.Device.Bus.1.Address.0X40:Wrote to register 0x00: [33, 159]
DEBUG:Adafruit_I2C.Device.Bus.1.Address.0X40:Read 0x8A1F from register pair 0x02, 0x03
DEBUG:Adafruit_I2C.Device.Bus.1.Address.0X40:Wrote to register 0x05: [131, 51]
DEBUG:Adafruit_I2C.Device.Bus.1.Address.0X40:Wrote to register 0x00: [33, 159]
DEBUG:Adafruit_I2C.Device.Bus.1.Address.0X40:Read 0x8A1F from register pair 0x02, 0x03
DEBUG:Adafruit_I2C.Device.Bus.1.Address.0X40:Wrote to register 0x05: [131, 51]
DEBUG:Adafruit_I2C.Device.Bus.1.Address.0X40:Wrote to register 0x00: [33, 159]
DEBUG:Adafruit_I2C.Device.Bus.1.Address.0X40:Read 0x8A1F from register pair 0x02, 0x03
DEBUG:Adafruit_I2C.Device.Bus.1.Address.0X40:Wrote to register 0x05: [131, 51]
DEBUG:Adafruit_I2C.Device.Bus.1.Address.0X40:Wrote to register 0x00: [33, 159]
DEBUG:Adafruit_I2C.Device.Bus.1.Address.0X40:Read 0x8A1F from register pair 0x02, 0x03
DEBUG:Adafruit_I2C.Device.Bus.1.Address.0X40:Wrote to register 0x05: [131, 51]
DEBUG:Adafruit_I2C.Device.Bus.1.Address.0X40:Wrote to register 0x00: [33, 159]
DEBUG:Adafruit_I2C.Device.Bus.1.Address.0X40:Read 0x821F from register pair 0x02, 0x03
DEBUG:Adafruit_I2C.Device.Bus.1.Address.0X40:Wrote to register 0x05: [131, 51]
DEBUG:Adafruit_I2C.Device.Bus.1.Address.0X40:Wrote to register 0x00: [33, 159]
DEBUG:Adafruit_I2C.Device.Bus.1.Address.0X40:Read 0x821F from register pair 0x02, 0x03
DEBUG:Adafruit_I2C.Device.Bus.1.Address.0X40:Wrote to register 0x05: [131, 51]
DEBUG:Adafruit_I2C.Device.Bus.1.Address.0X40:Wrote to register 0x00: [33, 159]
DEBUG:Adafruit_I2C.Device.Bus.1.Address.0X40:Read 0x821F from register pair 0x02, 0x03
DEBUG:Adafruit_I2C.Device.Bus.1.Address.0X40:Wrote to register 0x05: [131, 51]
DEBUG:Adafruit_I2C.Device.Bus.1.Address.0X40:Wrote to register 0x00: [33, 159]
DEBUG:Adafruit_I2C.Device.Bus.1.Address.0X40:Read 0x821F from register pair 0x02, 0x03
DEBUG:Adafruit_I2C.Device.Bus.1.Address.0X40:Wrote to register 0x05: [131, 51]
DEBUG:Adafruit_I2C.Device.Bus.1.Address.0X40:Wrote to register 0x00: [33, 159]
DEBUG:Adafruit_I2C.Device.Bus.1.Address.0X40:Read 0x8A1F from register pair 0x02, 0x03
DEBUG:Adafruit_I2C.Device.Bus.1.Address.0X40:Wrote to register 0x05: [131, 51]
DEBUG:Adafruit_I2C.Device.Bus.1.Address.0X40:Wrote to register 0x00: [33, 159]
DEBUG:Adafruit_I2C.Device.Bus.1.Address.0X40:Read 0x8A1F from register pair 0x02, 0x03
DEBUG:Adafruit_I2C.Device.Bus.1.Address.0X40:Wrote to register 0x05: [131, 51]
DEBUG:Adafruit_I2C.Device.Bus.1.Address.0X40:Wrote to register 0x00: [33, 159]
DEBUG:Adafruit_I2C.Device.Bus.1.Address.0X40:Read 0x8A1F from register pair 0x02, 0x03
DEBUG:Adafruit_I2C.Device.Bus.1.Address.0X40:Wrote to register 0x05: [131, 51]
DEBUG:Adafruit_I2C.Device.Bus.1.Address.0X40:Wrote to register 0x00: [33, 159]
DEBUG:Adafruit_I2C.Device.Bus.1.Address.0X40:Read 0x8A1F from register pair 0x02, 0x03
DEBUG:Adafruit_I2C.Device.Bus.1.Address.0X40:Wrote to register 0x05: [131, 51]
DEBUG:Adafruit_I2C.Device.Bus.1.Address.0X40:Wrote to register 0x00: [33, 159]
DEBUG:Adafruit_I2C.Device.Bus.1.Address.0X40:Read 0x8A1F from register pair 0x02, 0x03
DEBUG:Adafruit_I2C.Device.Bus.1.Address.0X40:Wrote to register 0x05: [131, 51]
DEBUG:Adafruit_I2C.Device.Bus.1.Address.0X40:Wrote to register 0x00: [33, 159]
DEBUG:Adafruit_I2C.Device.Bus.1.Address.0X40:Read 0x821F from register pair 0x02, 0x03
DEBUG:Adafruit_I2C.Device.Bus.1.Address.0X40:Wrote to register 0x05: [131, 51]
DEBUG:Adafruit_I2C.Device.Bus.1.Address.0X40:Wrote to register 0x00: [33, 159]
DEBUG:Adafruit_I2C.Device.Bus.1.Address.0X40:Read 0x821F from register pair 0x02, 0x03
DEBUG:Adafruit_I2C.Device.Bus.1.Address.0X40:Wrote to register 0x05: [131, 51]
DEBUG:Adafruit_I2C.Device.Bus.1.Address.0X40:Wrote to register 0x00: [33, 159]
DEBUG:Adafruit_I2C.Device.Bus.1.Address.0X40:Read 0x8A1F from register pair 0x02, 0x03
DEBUG:Adafruit_I2C.Device.Bus.1.Address.0X40:Wrote to register 0x05: [131, 51]
DEBUG:Adafruit_I2C.Device.Bus.1.Address.0X40:Wrote to register 0x00: [33, 159]
DEBUG:Adafruit_I2C.Device.Bus.1.Address.0X40:Read 0x8A1F from register pair 0x02, 0x03
DEBUG:Adafruit_I2C.Device.Bus.1.Address.0X40:Wrote to register 0x05: [131, 51]
DEBUG:Adafruit_I2C.Device.Bus.1.Address.0X40:Wrote to register 0x00: [33, 159]
DEBUG:Adafruit_I2C.Device.Bus.1.Address.0X40:Read 0x8A1F from register pair 0x02, 0x03
DEBUG:Adafruit_I2C.Device.Bus.1.Address.0X40:Wrote to register 0x05: [131, 51]
DEBUG:Adafruit_I2C.Device.Bus.1.Address.0X40:Wrote to register 0x00: [33, 159]
DEBUG:Adafruit_I2C.Device.Bus.1.Address.0X40:Read 0x8A1F from register pair 0x02, 0x03
DEBUG:Adafruit_I2C.Device.Bus.1.Address.0X40:Wrote to register 0x05: [131, 51]
DEBUG:Adafruit_I2C.Device.Bus.1.Address.0X40:Wrote to register 0x00: [33, 159]
DEBUG:Adafruit_I2C.Device.Bus.1.Address.0X40:Read 0x8A1F from register pair 0x02, 0x03
DEBUG:Adafruit_I2C.Device.Bus.1.Address.0X40:Wrote to register 0x05: [131, 51]
DEBUG:Adafruit_I2C.Device.Bus.1.Address.0X40:Wrote to register 0x00: [33, 159]
DEBUG:Adafruit_I2C.Device.Bus.1.Address.0X40:Read 0x8A1F from register pair 0x02, 0x03
DEBUG:Adafruit_I2C.Device.Bus.1.Address.0X40:Wrote to register 0x05: [131, 51]
DEBUG:Adafruit_I2C.Device.Bus.1.Address.0X40:Wrote to register 0x00: [33, 159]
DEBUG:Adafruit_I2C.Device.Bus.1.Address.0X40:Read 0x7A1F from register pair 0x02, 0x03
DEBUG:Adafruit_I2C.Device.Bus.1.Address.0X40:Wrote to register 0x05: [131, 51]
DEBUG:Adafruit_I2C.Device.Bus.1.Address.0X40:Wrote to register 0x00: [33, 159]
DEBUG:Adafruit_I2C.Device.Bus.1.Address.0X40:Read 0x8A1F from register pair 0x02, 0x03
DEBUG:Adafruit_I2C.Device.Bus.1.Address.0X40:Wrote to register 0x05: [131, 51]
DEBUG:Adafruit_I2C.Device.Bus.1.Address.0X40:Wrote to register 0x00: [33, 159]
DEBUG:Adafruit_I2C.Device.Bus.1.Address.0X40:Read 0x8A1F from register pair 0x02, 0x03
DEBUG:Adafruit_I2C.Device.Bus.1.Address.0X40:Wrote to register 0x05: [131, 51]
DEBUG:Adafruit_I2C.Device.Bus.1.Address.0X40:Wrote to register 0x00: [33, 159]
DEBUG:Adafruit_I2C.Device.Bus.1.Address.0X40:Read 0x821F from register pair 0x02, 0x03
DEBUG:Adafruit_I2C.Device.Bus.1.Address.0X40:Wrote to register 0x05: [131, 51]
DEBUG:Adafruit_I2C.Device.Bus.1.Address.0X40:Wrote to register 0x00: [33, 159]
DEBUG:Adafruit_I2C.Device.Bus.1.Address.0X40:Read 0x8A1F from register pair 0x02, 0x03
DEBUG:Adafruit_I2C.Device.Bus.1.Address.0X40:Wrote to register 0x05: [131, 51]
DEBUG:Adafruit_I2C.Device.Bus.1.Address.0X40:Wrote to register 0x00: [33, 159]
DEBUG:Adafruit_I2C.Device.Bus.1.Address.0X40:Read 0x821F from register pair 0x02, 0x03
DEBUG:Adafruit_I2C.Device.Bus.1.Address.0X40:Wrote to register 0x05: [131, 51]
DEBUG:Adafruit_I2C.Device.Bus.1.Address.0X40:Wrote to register 0x00: [33, 159]
DEBUG:Adafruit_I2C.Device.Bus.1.Address.0X40:Read 0x8A1F from register pair 0x02, 0x03
DEBUG:Adafruit_I2C.Device.Bus.1.Address.0X40:Wrote to register 0x05: [131, 51]
DEBUG:Adafruit_I2C.Device.Bus.1.Address.0X40:Wrote to register 0x00: [33, 159]
DEBUG:Adafruit_I2C.Device.Bus.1.Address.0X40:Read 0x8A1F from register pair 0x02, 0x03
DEBUG:Adafruit_I2C.Device.Bus.1.Address.0X40:Wrote to register 0x05: [131, 51]
DEBUG:Adafruit_I2C.Device.Bus.1.Address.0X40:Wrote to register 0x00: [33, 159]
DEBUG:Adafruit_I2C.Device.Bus.1.Address.0X40:Read 0x8A1F from register pair 0x02, 0x03
DEBUG:Adafruit_I2C.Device.Bus.1.Address.0X40:Wrote to register 0x05: [131, 51]
DEBUG:Adafruit_I2C.Device.Bus.1.Address.0X40:Wrote to register 0x00: [33, 159]
DEBUG:Adafruit_I2C.Device.Bus.1.Address.0X40:Read 0x821F from register pair 0x02, 0x03
DEBUG:Adafruit_I2C.Device.Bus.1.Address.0X40:Wrote to register 0x05: [131, 51]
DEBUG:Adafruit_I2C.Device.Bus.1.Address.0X40:Wrote to register 0x00: [33, 159]
DEBUG:Adafruit_I2C.Device.Bus.1.Address.0X40:Read 0x821F from register pair 0x02, 0x03
